Active-HDL 9.1.2353.4205  2023-09-19 11:17:35

Elaboration top modules:
Architecture                  arc_memory(ent_memory)


--------------------------------------------------------------------------------------------
Entity     | Architecture | Library | Info | Compiler Version         | Compilation Options
--------------------------------------------------------------------------------------------
ent_memory | arc_memory   | pr1313  |      | 9.1.2353.4205  (Windows) | -O3
--------------------------------------------------------------------------------------------

--------------------------------------------------------------------------------------------
VHDL Package              | Library | Info | Compiler Version         | Compilation Options
--------------------------------------------------------------------------------------------
standard                  | std     |      |                          | <unavailable>
TEXTIO                    | std     |      | 9.1.2353.4205  (Windows) |  -2008
std_logic_1164            | ieee    |      | 9.1.2353.4205  (Windows) |  -2008
--------------------------------------------------------------------------------------------

--------------------------------------------------------------------------------------------
Library                   | Comment
--------------------------------------------------------------------------------------------
ieee                      | Standard IEEE packages library
pr1313                    | None
std                       | Standard VHDL library
--------------------------------------------------------------------------------------------


Simulation Options: asim -O5 +access +r +m+ent_memory ent_memory arc_memory

